  Lab_07_03_01.cpp
D:\Лабораторні роботи\Алгоритмізація та програмування\ЛР 7\Lab_07_03_01\Lab_07_03_01\Lab_07_03_01.cpp(117,13): error C2059: синтаксическая ошибка: )
D:\Лабораторні роботи\Алгоритмізація та програмування\ЛР 7\Lab_07_03_01\Lab_07_03_01\Lab_07_03_01.cpp(119,5): error C2062: тип "int" не требуется
D:\Лабораторні роботи\Алгоритмізація та програмування\ЛР 7\Lab_07_03_01\Lab_07_03_01\Lab_07_03_01.cpp(122,5): error C2059: синтаксическая ошибка: for
D:\Лабораторні роботи\Алгоритмізація та програмування\ЛР 7\Lab_07_03_01\Lab_07_03_01\Lab_07_03_01.cpp(122,19): error C2143: синтаксическая ошибка: отсутствие ")" перед ";"
D:\Лабораторні роботи\Алгоритмізація та програмування\ЛР 7\Lab_07_03_01\Lab_07_03_01\Lab_07_03_01.cpp(122,23): error C2143: синтаксическая ошибка: отсутствие ";" перед "<"
D:\Лабораторні роботи\Алгоритмізація та програмування\ЛР 7\Lab_07_03_01\Lab_07_03_01\Lab_07_03_01.cpp(122,21): error C4430: отсутствует спецификатор типа - предполагается int. Примечание. C++ не поддерживает int по умолчанию
D:\Лабораторні роботи\Алгоритмізація та програмування\ЛР 7\Lab_07_03_01\Lab_07_03_01\Lab_07_03_01.cpp(122,23): error C2059: синтаксическая ошибка: <
D:\Лабораторні роботи\Алгоритмізація та програмування\ЛР 7\Lab_07_03_01\Lab_07_03_01\Lab_07_03_01.cpp(122,36): error C2143: синтаксическая ошибка: отсутствие ";" перед "++"
D:\Лабораторні роботи\Алгоритмізація та програмування\ЛР 7\Lab_07_03_01\Lab_07_03_01\Lab_07_03_01.cpp(122,35): error C4430: отсутствует спецификатор типа - предполагается int. Примечание. C++ не поддерживает int по умолчанию
D:\Лабораторні роботи\Алгоритмізація та програмування\ЛР 7\Lab_07_03_01\Lab_07_03_01\Lab_07_03_01.cpp(122,35): error C2086: int j: переопределение
      D:\Лабораторні роботи\Алгоритмізація та програмування\ЛР 7\Lab_07_03_01\Lab_07_03_01\Lab_07_03_01.cpp(122,21):
       см. объявление "j"
  
D:\Лабораторні роботи\Алгоритмізація та програмування\ЛР 7\Lab_07_03_01\Lab_07_03_01\Lab_07_03_01.cpp(122,36): error C2059: синтаксическая ошибка: ++
D:\Лабораторні роботи\Алгоритмізація та програмування\ЛР 7\Lab_07_03_01\Lab_07_03_01\Lab_07_03_01.cpp(122,38): error C2059: синтаксическая ошибка: )
D:\Лабораторні роботи\Алгоритмізація та програмування\ЛР 7\Lab_07_03_01\Lab_07_03_01\Lab_07_03_01.cpp(123,5): error C2143: синтаксическая ошибка: отсутствие ";" перед "{"
D:\Лабораторні роботи\Алгоритмізація та програмування\ЛР 7\Lab_07_03_01\Lab_07_03_01\Lab_07_03_01.cpp(123,5): error C2447: {: отсутствует заголовок функции (возможно, используется формальный список старого типа)
D:\Лабораторні роботи\Алгоритмізація та програмування\ЛР 7\Lab_07_03_01\Lab_07_03_01\Lab_07_03_01.cpp(132,5): error C2059: синтаксическая ошибка: if
D:\Лабораторні роботи\Алгоритмізація та програмування\ЛР 7\Lab_07_03_01\Lab_07_03_01\Lab_07_03_01.cpp(135,5): error C2059: синтаксическая ошибка: else
D:\Лабораторні роботи\Алгоритмізація та програмування\ЛР 7\Lab_07_03_01\Lab_07_03_01\Lab_07_03_01.cpp(137,1): error C2059: синтаксическая ошибка: }
D:\Лабораторні роботи\Алгоритмізація та програмування\ЛР 7\Lab_07_03_01\Lab_07_03_01\Lab_07_03_01.cpp(137,1): error C2143: синтаксическая ошибка: отсутствие ";" перед "}"
